#
# There is insufficient memory for the Java Runtime Environment to continue.
# Native memory allocation (malloc) failed to allocate 1048576 bytes. Error detail: AllocateHeap
# Possible reasons:
#   The system is out of physical RAM or swap space
#   This process is running with CompressedOops enabled, and the Java Heap may be blocking the growth of the native heap
# Possible solutions:
#   Reduce memory load on the system
#   Increase physical memory or swap space
#   Check if swap backing store is full
#   Decrease Java heap size (-Xmx/-Xms)
#   Decrease number of Java threads
#   Decrease Java thread stack sizes (-Xss)
#   Set larger code cache with -XX:ReservedCodeCacheSize=
#   JVM is running with Unscaled Compressed Oops mode in which the Java heap is
#     placed in the first 4GB address space. The Java Heap base address is the
#     maximum limit for the native heap growth. Please use -XX:HeapBaseMinAddress
#     to set the Java Heap base and to place the Java Heap above 4GB virtual address.
# This output file may be truncated or incomplete.
#
#  Out of Memory Error (allocation.cpp:44), pid=15016, tid=20968
#
# JRE version: OpenJDK Runtime Environment Temurin-21.0.10+7 (21.0.10+7) (build 21.0.10+7-LTS)
# Java VM: OpenJDK 64-Bit Server VM Temurin-21.0.10+7 (21.0.10+7-LTS, mixed mode, sharing, tiered, compressed oops, compressed class ptrs, parallel gc, windows-amd64)
# No core dump will be written. Minidumps are not enabled by default on client versions of Windows
#

---------------  S U M M A R Y ------------

Command Line: --add-modules=ALL-SYSTEM --add-opens=java.base/java.util=ALL-UNNAMED --add-opens=java.base/java.lang=ALL-UNNAMED --add-opens=java.base/sun.nio.fs=ALL-UNNAMED -Declipse.application=org.eclipse.jdt.ls.core.id1 -Dosgi.bundles.defaultStartLevel=4 -Declipse.product=org.eclipse.jdt.ls.core.product -Djava.import.generatesMetadataFilesAtProjectRoot=false -DDetectVMInstallationsJob.disabled=true -Dfile.encoding=utf8 -XX:+UseParallelGC -XX:GCTimeRatio=4 -XX:AdaptiveSizePolicyWeight=90 -Dsun.zip.disableMemoryMapping=true -Xmx2G -Xms100m -Xlog:disable -javaagent:c:\Users\emiliazd\.vscode\extensions\redhat.java-1.54.0-win32-x64\lombok\lombok-1.18.39-4050.jar -XX:+HeapDumpOnOutOfMemoryError -XX:HeapDumpPath=c:\Users\emiliazd\AppData\Roaming\Code\User\workspaceStorage\18b88de0f3c3c951ec63cf590c2144ec\redhat.java -Daether.dependencyCollector.impl=bf c:\Users\emiliazd\.vscode\extensions\redhat.java-1.54.0-win32-x64\server\plugins\org.eclipse.equinox.launcher_1.7.100.v20251111-0406.jar -configuration c:\Users\emiliazd\AppData\Roaming\Code\User\globalStorage\redhat.java\1.54.0\config_win -data c:\Users\emiliazd\AppData\Roaming\Code\User\workspaceStorage\18b88de0f3c3c951ec63cf590c2144ec\redhat.java\jdt_ws --pipe=\\.\pipe\lsp-9b6145925c608168eebcaede82b6bc6e-sock

Host: 12th Gen Intel(R) Core(TM) i5-12450HX, 12 cores, 7G,  Windows 11 , 64 bit Build 26100 (10.0.26100.8328)
Time: Sun May 17 12:35:50 2026 Hora est. Sudamérica Pacífico elapsed time: 335.594858 seconds (0d 0h 5m 35s)

---------------  T H R E A D  ---------------

Current thread (0x00000233a960ab50):  JavaThread "Attach Listener" daemon [_thread_in_vm, id=20968, stack(0x000000fcd1400000,0x000000fcd1500000) (1024K)]

Stack: [0x000000fcd1400000,0x000000fcd1500000]
Native frames: (J=compiled Java code, j=interpreted, Vv=VM code, C=native code)
V  [jvm.dll+0x6d7a39]
V  [jvm.dll+0x8b4b26]
V  [jvm.dll+0x8b70de]
V  [jvm.dll+0x8b77c3]
V  [jvm.dll+0x284346]
V  [jvm.dll+0xc1277]
V  [jvm.dll+0x6d82e9]
V  [jvm.dll+0x1334a6]
V  [jvm.dll+0x3f857e]
V  [jvm.dll+0x85f59d]
V  [jvm.dll+0x6d626d]
C  [ucrtbase.dll+0x37b0]
C  [KERNEL32.DLL+0x2e957]
C  [ntdll.dll+0x427c]


---------------  P R O C E S S  ---------------

Threads class SMR info:
_java_thread_list=0x0000023408375fe0, length=54, elements={
0x00000233a9562b30, 0x00000233a950e300, 0x00000233a9605700, 0x00000233a9607eb0,
0x00000233a960ab50, 0x00000233a960cec0, 0x00000233a9610fc0, 0x000002340236ced0,
0x0000023402371980, 0x00000234025624d0, 0x0000023402694120, 0x0000023403a3f700,
0x0000023408161b90, 0x0000023403856d60, 0x00000234038577a0, 0x00000234083b2f90,
0x00000234088c00e0, 0x0000023408a76600, 0x0000023408a77320, 0x0000023408a758e0,
0x0000023408a779b0, 0x0000023408a75f70, 0x0000023409c70900, 0x0000023409c6d480,
0x0000023409c6db10, 0x0000023409c6e1a0, 0x0000023409c6e830, 0x0000023409c6fbe0,
0x0000023409c6eec0, 0x0000023409c6f550, 0x0000023409c70270, 0x000002340aeab890,
0x000002340aeadff0, 0x000002340aeae680, 0x000002340aead2d0, 0x000002340aeab200,
0x000002340aeac5b0, 0x000002340aeacc40, 0x000002340aeafa30, 0x000002340aeb2820,
0x000002340aeb0de0, 0x000002340aeb2190, 0x000002340aeb0750, 0x000002340aeb1470,
0x000002340a4062e0, 0x000002340a407d20, 0x000002340a4083b0, 0x000002340a40a480,
0x000002340a409df0, 0x000002340a40ab10, 0x000002340a4090d0, 0x000002340a408a40,
0x000002340a40bec0, 0x0000023408a78040
}

Java Threads: ( => current thread )
  0x00000233a9562b30 JavaThread "main"                              [_thread_blocked, id=12820, stack(0x000000fcd0d00000,0x000000fcd0e00000) (1024K)]
  0x00000233a950e300 JavaThread "Reference Handler"          daemon [_thread_blocked, id=19928, stack(0x000000fcd1100000,0x000000fcd1200000) (1024K)]
  0x00000233a9605700 JavaThread "Finalizer"                  daemon [_thread_blocked, id=20396, stack(0x000000fcd1200000,0x000000fcd1300000) (1024K)]
  0x00000233a9607eb0 JavaThread "Signal Dispatcher"          daemon [_thread_blocked, id=20272, stack(0x000000fcd1300000,0x000000fcd1400000) (1024K)]
=>0x00000233a960ab50 JavaThread "Attach Listener"            daemon [_thread_in_vm, id=20968, stack(0x000000fcd1400000,0x000000fcd1500000) (1024K)]
  0x00000233a960cec0 JavaThread "Service Thread"             daemon [_thread_blocked, id=20932, stack(0x000000fcd1500000,0x000000fcd1600000) (1024K)]
  0x00000233a9610fc0 JavaThread "Monitor Deflation Thread"   daemon [_thread_blocked, id=20964, stack(0x000000fcd1600000,0x000000fcd1700000) (1024K)]
  0x000002340236ced0 JavaThread "C2 CompilerThread0"         daemon [_thread_blocked, id=20960, stack(0x000000fcd1700000,0x000000fcd1800000) (1024K)]
  0x0000023402371980 JavaThread "C1 CompilerThread0"         daemon [_thread_blocked, id=19800, stack(0x000000fcd1800000,0x000000fcd1900000) (1024K)]
  0x00000234025624d0 JavaThread "Common-Cleaner"             daemon [_thread_blocked, id=8852, stack(0x000000fcd1900000,0x000000fcd1a00000) (1024K)]
  0x0000023402694120 JavaThread "Notification Thread"        daemon [_thread_blocked, id=4084, stack(0x000000fcd1b00000,0x000000fcd1c00000) (1024K)]
  0x0000023403a3f700 JavaThread "Active Thread: Equinox Container: 2f24ac15-828d-412f-8870-055483476db9"        [_thread_blocked, id=12824, stack(0x000000fcd2300000,0x000000fcd2400000) (1024K)]
  0x0000023408161b90 JavaThread "Refresh Thread: Equinox Container: 2f24ac15-828d-412f-8870-055483476db9" daemon [_thread_blocked, id=15180, stack(0x000000fcd2400000,0x000000fcd2500000) (1024K)]
  0x0000023403856d60 JavaThread "Framework Event Dispatcher: Equinox Container: 2f24ac15-828d-412f-8870-055483476db9" daemon [_thread_blocked, id=23364, stack(0x000000fcd2500000,0x000000fcd2600000) (1024K)]
  0x00000234038577a0 JavaThread "Start Level: Equinox Container: 2f24ac15-828d-412f-8870-055483476db9" daemon [_thread_blocked, id=23368, stack(0x000000fcd2600000,0x000000fcd2700000) (1024K)]
  0x00000234083b2f90 JavaThread "Bundle File Closer"         daemon [_thread_blocked, id=10172, stack(0x000000fcd2a00000,0x000000fcd2b00000) (1024K)]
  0x00000234088c00e0 JavaThread "SCR Component Actor"        daemon [_thread_blocked, id=2536, stack(0x000000fcd1a00000,0x000000fcd1b00000) (1024K)]
  0x0000023408a76600 JavaThread "Worker-JM"                         [_thread_blocked, id=19464, stack(0x000000fcd2c00000,0x000000fcd2d00000) (1024K)]
  0x0000023408a77320 JavaThread "JNA Cleaner"                daemon [_thread_blocked, id=20212, stack(0x000000fcd2700000,0x000000fcd2800000) (1024K)]
  0x0000023408a758e0 JavaThread "Java indexing"              daemon [_thread_blocked, id=22336, stack(0x000000fcd3000000,0x000000fcd3100000) (1024K)]
  0x0000023408a779b0 JavaThread "Worker-2"                          [_thread_blocked, id=22508, stack(0x000000fcd3300000,0x000000fcd3400000) (1024K)]
  0x0000023408a75f70 JavaThread "Thread-1"                   daemon [_thread_in_native, id=22796, stack(0x000000fcd3500000,0x000000fcd3600000) (1024K)]
  0x0000023409c70900 JavaThread "Thread-2"                   daemon [_thread_in_native, id=23028, stack(0x000000fcd3600000,0x000000fcd3700000) (1024K)]
  0x0000023409c6d480 JavaThread "Thread-3"                   daemon [_thread_in_native, id=4932, stack(0x000000fcd3700000,0x000000fcd3800000) (1024K)]
  0x0000023409c6db10 JavaThread "Thread-4"                   daemon [_thread_in_native, id=8956, stack(0x000000fcd3800000,0x000000fcd3900000) (1024K)]
  0x0000023409c6e1a0 JavaThread "Thread-5"                   daemon [_thread_in_native, id=15548, stack(0x000000fcd3900000,0x000000fcd3a00000) (1024K)]
  0x0000023409c6e830 JavaThread "Thread-6"                   daemon [_thread_in_native, id=22276, stack(0x000000fcd3a00000,0x000000fcd3b00000) (1024K)]
  0x0000023409c6fbe0 JavaThread "Thread-7"                   daemon [_thread_in_native, id=14612, stack(0x000000fcd3b00000,0x000000fcd3c00000) (1024K)]
  0x0000023409c6eec0 JavaThread "Thread-8"                   daemon [_thread_in_native, id=19324, stack(0x000000fcd3c00000,0x000000fcd3d00000) (1024K)]
  0x0000023409c6f550 JavaThread "Thread-9"                   daemon [_thread_in_native, id=11632, stack(0x000000fcd3d00000,0x000000fcd3e00000) (1024K)]
  0x0000023409c70270 JavaThread "Thread-10"                  daemon [_thread_in_native, id=22348, stack(0x000000fcd3e00000,0x000000fcd3f00000) (1024K)]
  0x000002340aeab890 JavaThread "Thread-11"                  daemon [_thread_in_native, id=23212, stack(0x000000fcd3f00000,0x000000fcd4000000) (1024K)]
  0x000002340aeadff0 JavaThread "Thread-12"                  daemon [_thread_in_native, id=8688, stack(0x000000fcd4000000,0x000000fcd4100000) (1024K)]
  0x000002340aeae680 JavaThread "Thread-13"                  daemon [_thread_in_native, id=21832, stack(0x000000fcd4100000,0x000000fcd4200000) (1024K)]
  0x000002340aead2d0 JavaThread "pool-2-thread-1"                   [_thread_blocked, id=18064, stack(0x000000fcd4200000,0x000000fcd4300000) (1024K)]
  0x000002340aeab200 JavaThread "Worker-4"                          [_thread_blocked, id=14652, stack(0x000000fcd4300000,0x000000fcd4400000) (1024K)]
  0x000002340aeac5b0 JavaThread "WorkspaceEventsHandler"            [_thread_blocked, id=18280, stack(0x000000fcd4400000,0x000000fcd4500000) (1024K)]
  0x000002340aeacc40 JavaThread "pool-1-thread-1"                   [_thread_blocked, id=5932, stack(0x000000fcd4500000,0x000000fcd4600000) (1024K)]
  0x000002340aeafa30 JavaThread "ForkJoinPool.commonPool-worker-4" daemon [_thread_blocked, id=22312, stack(0x000000fcd4900000,0x000000fcd4a00000) (1024K)]
  0x000002340aeb2820 JavaThread "ForkJoinPool.commonPool-worker-5" daemon [_thread_blocked, id=6684, stack(0x000000fcd4a00000,0x000000fcd4b00000) (1024K)]
  0x000002340aeb0de0 JavaThread "ForkJoinPool.commonPool-worker-6" daemon [_thread_blocked, id=18232, stack(0x000000fcd4b00000,0x000000fcd4c00000) (1024K)]
  0x000002340aeb2190 JavaThread "ForkJoinPool.commonPool-worker-7" daemon [_thread_blocked, id=2944, stack(0x000000fcd4c00000,0x000000fcd4d00000) (1024K)]
  0x000002340aeb0750 JavaThread "ForkJoinPool.commonPool-worker-8" daemon [_thread_blocked, id=21168, stack(0x000000fcd4d00000,0x000000fcd4e00000) (1024K)]
  0x000002340aeb1470 JavaThread "ForkJoinPool.commonPool-worker-9" daemon [_thread_blocked, id=21808, stack(0x000000fcd4e00000,0x000000fcd4f00000) (1024K)]
  0x000002340a4062e0 JavaThread "ForkJoinPool.commonPool-worker-10" daemon [_thread_blocked, id=19592, stack(0x000000fcd4f00000,0x000000fcd5000000) (1024K)]
  0x000002340a407d20 JavaThread "ForkJoinPool.commonPool-worker-12" daemon [_thread_blocked, id=20204, stack(0x000000fcd2b00000,0x000000fcd2c00000) (1024K)]
  0x000002340a4083b0 JavaThread "ForkJoinPool.commonPool-worker-13" daemon [_thread_blocked, id=6596, stack(0x000000fcd2d00000,0x000000fcd2e00000) (1024K)]
  0x000002340a40a480 JavaThread "Cleaner-0"                  daemon [_thread_blocked, id=23000, stack(0x000000fcd2e00000,0x000000fcd2f00000) (1024K)]
  0x000002340a409df0 JavaThread "Java Debug Server"          daemon [_thread_in_native, id=21528, stack(0x000000fcd2f00000,0x000000fcd3000000) (1024K)]
  0x000002340a40ab10 JavaThread "pool-5-thread-1"                   [_thread_in_native, id=17492, stack(0x000000fcd3100000,0x000000fcd3200000) (1024K)]
  0x000002340a4090d0 JavaThread "RxSchedulerPurge-1"         daemon [_thread_blocked, id=18848, stack(0x000000fcd0c00000,0x000000fcd0d00000) (1024K)]
  0x000002340a408a40 JavaThread "RxCachedWorkerPoolEvictor-1" daemon [_thread_blocked, id=9068, stack(0x000000fcd3200000,0x000000fcd3300000) (1024K)]
  0x000002340a40bec0 JavaThread "RxNewThreadScheduler-1"     daemon [_thread_blocked, id=22120, stack(0x000000fcd3400000,0x000000fcd3500000) (1024K)]
  0x0000023408a78040 JavaThread "process reaper (pid 19508)" daemon [_thread_in_native, id=19748, stack(0x000000fcd07e0000,0x000000fcd0800000) (128K)]
Total: 54

Other Threads:
  0x00000233a96028b0 VMThread "VM Thread"                           [id=21232, stack(0x000000fcd1000000,0x000000fcd1100000) (1024K)]
  0x00000233a93eca10 WatcherThread "VM Periodic Task Thread"        [id=20060, stack(0x000000fcd0f00000,0x000000fcd1000000) (1024K)]
  0x00000233a9580b30 WorkerThread "GC Thread#0"                     [id=22884, stack(0x000000fcd0e00000,0x000000fcd0f00000) (1024K)]
  0x0000023403786b80 WorkerThread "GC Thread#1"                     [id=22144, stack(0x000000fcd1d00000,0x000000fcd1e00000) (1024K)]
  0x000002340352d220 WorkerThread "GC Thread#2"                     [id=21024, stack(0x000000fcd1e00000,0x000000fcd1f00000) (1024K)]
  0x000002340352d5d0 WorkerThread "GC Thread#3"                     [id=21020, stack(0x000000fcd1f00000,0x000000fcd2000000) (1024K)]
  0x00000234037a93e0 WorkerThread "GC Thread#4"                     [id=21000, stack(0x000000fcd2000000,0x000000fcd2100000) (1024K)]
  0x00000234037a9790 WorkerThread "GC Thread#5"                     [id=14788, stack(0x000000fcd2100000,0x000000fcd2200000) (1024K)]
  0x00000234037a9b40 WorkerThread "GC Thread#6"                     [id=7636, stack(0x000000fcd2200000,0x000000fcd2300000) (1024K)]
  0x000002340805ecd0 WorkerThread "GC Thread#7"                     [id=22956, stack(0x000000fcd1c00000,0x000000fcd1d00000) (1024K)]
  0x000002340805ff40 WorkerThread "GC Thread#8"                     [id=3440, stack(0x000000fcd2800000,0x000000fcd2900000) (1024K)]
  0x000002340805f430 WorkerThread "GC Thread#9"                     [id=19912, stack(0x000000fcd2900000,0x000000fcd2a00000) (1024K)]
Total: 12

Threads with active compile tasks:
Total: 0

VM state: not at safepoint (normal execution)

VM Mutex/Monitor currently owned by a thread: None

Heap address: 0x0000000080000000, size: 2048 MB, Compressed Oops mode: 32-bit

CDS archive(s) mapped at: [0x00000233c0000000-0x00000233c0ba0000-0x00000233c0ba0000), size 12189696, SharedBaseAddress: 0x00000233c0000000, ArchiveRelocationMode: 1.
Compressed class space mapped at: 0x00000233c1000000-0x0000023401000000, reserved size: 1073741824
Narrow klass base: 0x00000233c0000000, Narrow klass shift: 0, Narrow klass range: 0x100000000

GC Precious Log:
 CardTable entry size: 512
 CPUs: 12 total, 12 available
 Memory: 7899M
 Large Page Support: Disabled
 NUMA Support: Disabled
 Compressed Oops: Enabled (32-bit)
 Alignments: Space 512K, Generation 512K, Heap 2M
 Heap Min Capacity: 100M
 Heap Initial Capacity: 100M
 Heap Max Capacity: 2G
 Pre-touch: Disabled
 Parallel Workers: 10

Heap:
 PSYoungGen      total 10752K, used 675K [0x00000000d5580000, 0x00000000d6180000, 0x0000000100000000)
  eden space 10240K, 2% used [0x00000000d5580000,0x00000000d55b8d40,0x00000000d5f80000)
  from space 512K, 87% used [0x00000000d6100000,0x00000000d6170000,0x00000000d6180000)
  to   space 512K, 0% used [0x00000000d6080000,0x00000000d6080000,0x00000000d6100000)
 ParOldGen       total 106496K, used 106133K [0x0000000080000000, 0x0000000086800000, 0x00000000d5580000)
  object space 106496K, 99% used [0x0000000080000000,0x00000000867a54f0,0x0000000086800000)
 Metaspace       used 69827K, committed 71360K, reserved 1114112K
  class space    used 7541K, committed 8192K, reserved 1048576K

Card table byte_map: [0x00000233a8f00000,0x00000233a9310000] _byte_map_base: 0x00000233a8b00000

Marking Bits: (ParMarkBitMap*) 0x00007ffbbfc43450
 Begin Bits: [0x00000233bba10000, 0x00000233bda10000)
 End Bits:   [0x00000233bda10000, 0x00000233bfa10000)

Polling page: 0x00000233a7390000

Metaspace:

Usage:
  Non-class:     60.83 MB used.
      Class:      7.37 MB used.
       Both:     68.19 MB used.

Virtual space:
  Non-class space:       64.00 MB reserved,      61.69 MB ( 96%) committed,  1 nodes.
      Class space:        1.00 GB reserved,       8.00 MB ( <1%) committed,  1 nodes.
             Both:        1.06 GB reserved,      69.69 MB (  6%) committed. 

Chunk freelists:
   Non-Class:  2.10 MB
       Class:  8.00 MB
        Both:  10.10 MB

MaxMetaspaceSize: unlimited
CompressedClassSpaceSize: 1.00 GB
Initial GC threshold: 21.00 MB
Current GC threshold: 97.81 MB
CDS: on
 - commit_granule_bytes: 65536.
 - commit_granule_words: 8192.
 - virtual_space_node_default_size: 8388608.
 - enlarge_chunks_in_place: 1.
 - use_allocation_guard: 0.


Internal statistics:

num_allocs_failed_limit: 15.
num_arena_births: 1298.
num_arena_deaths: 18.
num_vsnodes_births: 2.
num_vsnodes_deaths: 0.
num_space_committed: 1115.
num_space_uncommitted: 0.
num_chunks_returned_to_freelist: 33.
num_chunks_taken_from_freelist: 4588.
num_chunk_merges: 21.
num_chunk_splits: 2871.
num_chunks_enlarged: 1626.
num_inconsistent_stats: 0.

CodeHeap 'non-profiled nmethods': size=120000Kb used=7131Kb max_used=7131Kb free=112868Kb
 bounds [0x00000233b4230000, 0x00000233b4930000, 0x00000233bb760000]
CodeHeap 'profiled nmethods': size=120000Kb used=21591Kb max_used=21591Kb free=98408Kb
 bounds [0x00000233ac760000, 0x00000233adc80000, 0x00000233b3c90000]
CodeHeap 'non-nmethods': size=5760Kb used=1464Kb max_used=1493Kb free=4295Kb
 bounds [0x00000233b3c90000, 0x00000233b3f00000, 0x00000233b4230000]
CodeCache: size=245760Kb, used=30186Kb, max_used=30215Kb, free=215571Kb
 total_blobs=10766, nmethods=9980, adapters=692, full_count=0
Compilation: enabled, stopped_count=0, restarted_count=0

Compilation events (20 events):
Event: 306.231 Thread 0x0000023402371980 10724       3       java.lang.invoke.LambdaFormBuffer::replaceParameterByCopy (38 bytes)
Event: 306.231 Thread 0x0000023402371980 nmethod 10724 0x00000233adc6be10 code [0x00000233adc6bfe0, 0x00000233adc6c1c8]
Event: 306.231 Thread 0x0000023402371980 10725       3       java.lang.invoke.LambdaFormBuffer::noteDuplicate (115 bytes)
Event: 306.231 Thread 0x0000023402371980 nmethod 10725 0x00000233adc6c310 code [0x00000233adc6c520, 0x00000233adc6cca0]
Event: 306.234 Thread 0x0000023402371980 10728       3       java.lang.Class::isRecord (33 bytes)
Event: 306.234 Thread 0x0000023402371980 nmethod 10728 0x00000233adc6d010 code [0x00000233adc6d1e0, 0x00000233adc6d448]
Event: 310.058 Thread 0x0000023402371980 10729       3       java.util.concurrent.ThreadPoolExecutor::isShutdown (12 bytes)
Event: 310.059 Thread 0x0000023402371980 nmethod 10729 0x00000233adc6d510 code [0x00000233adc6d6c0, 0x00000233adc6d8a0]
Event: 317.051 Thread 0x0000023402371980 10730       3       java.util.concurrent.ScheduledThreadPoolExecutor::canRunInCurrentRunState (61 bytes)
Event: 317.052 Thread 0x0000023402371980 nmethod 10730 0x00000233adc6d990 code [0x00000233adc6dba0, 0x00000233adc6e350]
Event: 322.046 Thread 0x0000023402371980 10731   !   3       java.util.concurrent.ThreadPoolExecutor::tryTerminate (177 bytes)
Event: 322.050 Thread 0x0000023402371980 nmethod 10731 0x00000233adc6e590 code [0x00000233adc6eb60, 0x00000233adc718e8]
Event: 324.051 Thread 0x0000023402371980 10732   !   3       java.util.concurrent.ThreadPoolExecutor::purge (131 bytes)
Event: 324.051 Thread 0x0000023402371980 nmethod 10732 0x00000233adc72c10 code [0x00000233adc72ec0, 0x00000233adc73df8]
Event: 324.052 Thread 0x0000023402371980 10733   !   3       java.util.concurrent.ScheduledThreadPoolExecutor$DelayedWorkQueue::iterator (45 bytes)
Event: 324.053 Thread 0x0000023402371980 nmethod 10733 0x00000233adc74210 code [0x00000233adc74480, 0x00000233adc750d0]
Event: 333.047 Thread 0x0000023402371980 10734       3       java.util.concurrent.ScheduledThreadPoolExecutor$DelayedWorkQueue$Itr::hasNext (18 bytes)
Event: 333.047 Thread 0x0000023402371980 nmethod 10734 0x00000233adc75590 code [0x00000233adc75740, 0x00000233adc758b0]
Event: 334.056 Thread 0x0000023402371980 10735   !   3       java.util.concurrent.locks.LockSupport::parkNanos (56 bytes)
Event: 334.057 Thread 0x0000023402371980 nmethod 10735 0x00000233adc75990 code [0x00000233adc75ba0, 0x00000233adc75fe0]

GC Heap History (20 events):
Event: 304.127 GC heap before
{Heap before GC invocations=144 (full 3):
 PSYoungGen      total 11776K, used 11402K [0x00000000d5580000, 0x00000000d6380000, 0x0000000100000000)
  eden space 10752K, 100% used [0x00000000d5580000,0x00000000d6000000,0x00000000d6000000)
  from space 1024K, 63% used [0x00000000d6280000,0x00000000d6322910,0x00000000d6380000)
  to   space 1024K, 0% used [0x00000000d6180000,0x00000000d6180000,0x00000000d6280000)
 ParOldGen       total 74240K, used 71182K [0x0000000080000000, 0x0000000084880000, 0x00000000d5580000)
  object space 74240K, 95% used [0x0000000080000000,0x0000000084583ba0,0x0000000084880000)
 Metaspace       used 63322K, committed 64768K, reserved 1114112K
  class space    used 6726K, committed 7360K, reserved 1048576K
}
Event: 304.129 GC heap after
{Heap after GC invocations=144 (full 3):
 PSYoungGen      total 11264K, used 416K [0x00000000d5580000, 0x00000000d6300000, 0x0000000100000000)
  eden space 10752K, 0% used [0x00000000d5580000,0x00000000d5580000,0x00000000d6000000)
  from space 512K, 81% used [0x00000000d6180000,0x00000000d61e8000,0x00000000d6200000)
  to   space 1024K, 0% used [0x00000000d6200000,0x00000000d6200000,0x00000000d6300000)
 ParOldGen       total 74240K, used 71254K [0x0000000080000000, 0x0000000084880000, 0x00000000d5580000)
  object space 74240K, 95% used [0x0000000080000000,0x0000000084595ba0,0x0000000084880000)
 Metaspace       used 63322K, committed 64768K, reserved 1114112K
  class space    used 6726K, committed 7360K, reserved 1048576K
}
Event: 304.243 GC heap before
{Heap before GC invocations=145 (full 3):
 PSYoungGen      total 11264K, used 11134K [0x00000000d5580000, 0x00000000d6300000, 0x0000000100000000)
  eden space 10752K, 99% used [0x00000000d5580000,0x00000000d5ff7bd8,0x00000000d6000000)
  from space 512K, 81% used [0x00000000d6180000,0x00000000d61e8000,0x00000000d6200000)
  to   space 1024K, 0% used [0x00000000d6200000,0x00000000d6200000,0x00000000d6300000)
 ParOldGen       total 74240K, used 71254K [0x0000000080000000, 0x0000000084880000, 0x00000000d5580000)
  object space 74240K, 95% used [0x0000000080000000,0x0000000084595ba0,0x0000000084880000)
 Metaspace       used 64177K, committed 65600K, reserved 1114112K
  class space    used 6798K, committed 7424K, reserved 1048576K
}
Event: 304.245 GC heap after
{Heap after GC invocations=145 (full 3):
 PSYoungGen      total 11776K, used 1024K [0x00000000d5580000, 0x00000000d6300000, 0x0000000100000000)
  eden space 10752K, 0% used [0x00000000d5580000,0x00000000d5580000,0x00000000d6000000)
  from space 1024K, 100% used [0x00000000d6200000,0x00000000d6300000,0x00000000d6300000)
  to   space 1536K, 0% used [0x00000000d6000000,0x00000000d6000000,0x00000000d6180000)
 ParOldGen       total 74240K, used 71523K [0x0000000080000000, 0x0000000084880000, 0x00000000d5580000)
  object space 74240K, 96% used [0x0000000080000000,0x00000000845d8e30,0x0000000084880000)
 Metaspace       used 64177K, committed 65600K, reserved 1114112K
  class space    used 6798K, committed 7424K, reserved 1048576K
}
Event: 304.427 GC heap before
{Heap before GC invocations=146 (full 3):
 PSYoungGen      total 11776K, used 11776K [0x00000000d5580000, 0x00000000d6300000, 0x0000000100000000)
  eden space 10752K, 100% used [0x00000000d5580000,0x00000000d6000000,0x00000000d6000000)
  from space 1024K, 100% used [0x00000000d6200000,0x00000000d6300000,0x00000000d6300000)
  to   space 1536K, 0% used [0x00000000d6000000,0x00000000d6000000,0x00000000d6180000)
 ParOldGen       total 74240K, used 71523K [0x0000000080000000, 0x0000000084880000, 0x00000000d5580000)
  object space 74240K, 96% used [0x0000000080000000,0x00000000845d8e30,0x0000000084880000)
 Metaspace       used 64815K, committed 66240K, reserved 1114112K
  class space    used 6874K, committed 7488K, reserved 1048576K
}
Event: 304.428 GC heap after
{Heap after GC invocations=146 (full 3):
 PSYoungGen      total 12288K, used 576K [0x00000000d5580000, 0x00000000d6280000, 0x0000000100000000)
  eden space 10752K, 0% used [0x00000000d5580000,0x00000000d5580000,0x00000000d6000000)
  from space 1536K, 37% used [0x00000000d6000000,0x00000000d6090020,0x00000000d6180000)
  to   space 1024K, 0% used [0x00000000d6180000,0x00000000d6180000,0x00000000d6280000)
 ParOldGen       total 74240K, used 72504K [0x0000000080000000, 0x0000000084880000, 0x00000000d5580000)
  object space 74240K, 97% used [0x0000000080000000,0x00000000846ce1f8,0x0000000084880000)
 Metaspace       used 64815K, committed 66240K, reserved 1114112K
  class space    used 6874K, committed 7488K, reserved 1048576K
}
Event: 304.539 GC heap before
{Heap before GC invocations=147 (full 3):
 PSYoungGen      total 12288K, used 11328K [0x00000000d5580000, 0x00000000d6280000, 0x0000000100000000)
  eden space 10752K, 100% used [0x00000000d5580000,0x00000000d6000000,0x00000000d6000000)
  from space 1536K, 37% used [0x00000000d6000000,0x00000000d6090020,0x00000000d6180000)
  to   space 1024K, 0% used [0x00000000d6180000,0x00000000d6180000,0x00000000d6280000)
 ParOldGen       total 74240K, used 72504K [0x0000000080000000, 0x0000000084880000, 0x00000000d5580000)
  object space 74240K, 97% used [0x0000000080000000,0x00000000846ce1f8,0x0000000084880000)
 Metaspace       used 65378K, committed 66880K, reserved 1114112K
  class space    used 6966K, committed 7616K, reserved 1048576K
}
Event: 304.541 GC heap after
{Heap after GC invocations=147 (full 3):
 PSYoungGen      total 11264K, used 1024K [0x00000000d5580000, 0x00000000d6400000, 0x0000000100000000)
  eden space 10240K, 0% used [0x00000000d5580000,0x00000000d5580000,0x00000000d5f80000)
  from space 1024K, 100% used [0x00000000d6180000,0x00000000d6280000,0x00000000d6280000)
  to   space 2048K, 0% used [0x00000000d5f80000,0x00000000d5f80000,0x00000000d6180000)
 ParOldGen       total 74240K, used 72985K [0x0000000080000000, 0x0000000084880000, 0x00000000d5580000)
  object space 74240K, 98% used [0x0000000080000000,0x00000000847466c8,0x0000000084880000)
 Metaspace       used 65378K, committed 66880K, reserved 1114112K
  class space    used 6966K, committed 7616K, reserved 1048576K
}
Event: 304.584 GC heap before
{Heap before GC invocations=148 (full 3):
 PSYoungGen      total 11264K, used 11264K [0x00000000d5580000, 0x00000000d6400000, 0x0000000100000000)
  eden space 10240K, 100% used [0x00000000d5580000,0x00000000d5f80000,0x00000000d5f80000)
  from space 1024K, 100% used [0x00000000d6180000,0x00000000d6280000,0x00000000d6280000)
  to   space 2048K, 0% used [0x00000000d5f80000,0x00000000d5f80000,0x00000000d6180000)
 ParOldGen       total 74240K, used 72985K [0x0000000080000000, 0x0000000084880000, 0x00000000d5580000)
  object space 74240K, 98% used [0x0000000080000000,0x00000000847466c8,0x0000000084880000)
 Metaspace       used 65512K, committed 67008K, reserved 1114112K
  class space    used 6984K, committed 7616K, reserved 1048576K
}
Event: 304.585 GC heap after
{Heap after GC invocations=148 (full 3):
 PSYoungGen      total 11264K, used 672K [0x00000000d5580000, 0x00000000d6200000, 0x0000000100000000)
  eden space 10240K, 0% used [0x00000000d5580000,0x00000000d5580000,0x00000000d5f80000)
  from space 1024K, 65% used [0x00000000d5f80000,0x00000000d6028000,0x00000000d6080000)
  to   space 1024K, 0% used [0x00000000d6100000,0x00000000d6100000,0x00000000d6200000)
 ParOldGen       total 74240K, used 73961K [0x0000000080000000, 0x0000000084880000, 0x00000000d5580000)
  object space 74240K, 99% used [0x0000000080000000,0x000000008483a6e8,0x0000000084880000)
 Metaspace       used 65512K, committed 67008K, reserved 1114112K
  class space    used 6984K, committed 7616K, reserved 1048576K
}
Event: 304.742 GC heap before
{Heap before GC invocations=149 (full 3):
 PSYoungGen      total 11264K, used 10912K [0x00000000d5580000, 0x00000000d6200000, 0x0000000100000000)
  eden space 10240K, 100% used [0x00000000d5580000,0x00000000d5f80000,0x00000000d5f80000)
  from space 1024K, 65% used [0x00000000d5f80000,0x00000000d6028000,0x00000000d6080000)
  to   space 1024K, 0% used [0x00000000d6100000,0x00000000d6100000,0x00000000d6200000)
 ParOldGen       total 105984K, used 104681K [0x0000000080000000, 0x0000000086780000, 0x00000000d5580000)
  object space 105984K, 98% used [0x0000000080000000,0x000000008663a718,0x0000000086780000)
 Metaspace       used 66513K, committed 68032K, reserved 1114112K
  class space    used 7095K, committed 7744K, reserved 1048576K
}
Event: 304.743 GC heap after
{Heap after GC invocations=149 (full 3):
 PSYoungGen      total 11264K, used 618K [0x00000000d5580000, 0x00000000d6200000, 0x0000000100000000)
  eden space 10240K, 0% used [0x00000000d5580000,0x00000000d5580000,0x00000000d5f80000)
  from space 1024K, 60% used [0x00000000d6100000,0x00000000d619a9b8,0x00000000d6200000)
  to   space 1024K, 0% used [0x00000000d5f80000,0x00000000d5f80000,0x00000000d6080000)
 ParOldGen       total 105984K, used 105135K [0x0000000080000000, 0x0000000086780000, 0x00000000d5580000)
  object space 105984K, 99% used [0x0000000080000000,0x00000000866abe40,0x0000000086780000)
 Metaspace       used 66513K, committed 68032K, reserved 1114112K
  class space    used 7095K, committed 7744K, reserved 1048576K
}
Event: 304.780 GC heap before
{Heap before GC invocations=150 (full 3):
 PSYoungGen      total 11264K, used 10858K [0x00000000d5580000, 0x00000000d6200000, 0x0000000100000000)
  eden space 10240K, 100% used [0x00000000d5580000,0x00000000d5f80000,0x00000000d5f80000)
  from space 1024K, 60% used [0x00000000d6100000,0x00000000d619a9b8,0x00000000d6200000)
  to   space 1024K, 0% used [0x00000000d5f80000,0x00000000d5f80000,0x00000000d6080000)
 ParOldGen       total 105984K, used 105135K [0x0000000080000000, 0x0000000086780000, 0x00000000d5580000)
  object space 105984K, 99% used [0x0000000080000000,0x00000000866abe40,0x0000000086780000)
 Metaspace       used 66560K, committed 68096K, reserved 1114112K
  class space    used 7099K, committed 7744K, reserved 1048576K
}
Event: 304.781 GC heap after
{Heap after GC invocations=150 (full 3):
 PSYoungGen      total 11264K, used 288K [0x00000000d5580000, 0x00000000d6180000, 0x0000000100000000)
  eden space 10240K, 0% used [0x00000000d5580000,0x00000000d5580000,0x00000000d5f80000)
  from space 1024K, 28% used [0x00000000d5f80000,0x00000000d5fc8000,0x00000000d6080000)
  to   space 512K, 0% used [0x00000000d6100000,0x00000000d6100000,0x00000000d6180000)
 ParOldGen       total 105984K, used 105590K [0x0000000080000000, 0x0000000086780000, 0x00000000d5580000)
  object space 105984K, 99% used [0x0000000080000000,0x000000008671d8d0,0x0000000086780000)
 Metaspace       used 66560K, committed 68096K, reserved 1114112K
  class space    used 7099K, committed 7744K, reserved 1048576K
}
Event: 304.993 GC heap before
{Heap before GC invocations=151 (full 3):
 PSYoungGen      total 11264K, used 10528K [0x00000000d5580000, 0x00000000d6180000, 0x0000000100000000)
  eden space 10240K, 100% used [0x00000000d5580000,0x00000000d5f80000,0x00000000d5f80000)
  from space 1024K, 28% used [0x00000000d5f80000,0x00000000d5fc8000,0x00000000d6080000)
  to   space 512K, 0% used [0x00000000d6100000,0x00000000d6100000,0x00000000d6180000)
 ParOldGen       total 105984K, used 105590K [0x0000000080000000, 0x0000000086780000, 0x00000000d5580000)
  object space 105984K, 99% used [0x0000000080000000,0x000000008671d8d0,0x0000000086780000)
 Metaspace       used 67608K, committed 69184K, reserved 1114112K
  class space    used 7193K, committed 7872K, reserved 1048576K
}
Event: 304.994 GC heap after
{Heap after GC invocations=151 (full 3):
 PSYoungGen      total 10752K, used 465K [0x00000000d5580000, 0x00000000d6180000, 0x0000000100000000)
  eden space 10240K, 0% used [0x00000000d5580000,0x00000000d5580000,0x00000000d5f80000)
  from space 512K, 90% used [0x00000000d6100000,0x00000000d61745c8,0x00000000d6180000)
  to   space 512K, 0% used [0x00000000d6080000,0x00000000d6080000,0x00000000d6100000)
 ParOldGen       total 105984K, used 105654K [0x0000000080000000, 0x0000000086780000, 0x00000000d5580000)
  object space 105984K, 99% used [0x0000000080000000,0x000000008672d8e0,0x0000000086780000)
 Metaspace       used 67608K, committed 69184K, reserved 1114112K
  class space    used 7193K, committed 7872K, reserved 1048576K
}
Event: 305.057 GC heap before
{Heap before GC invocations=152 (full 3):
 PSYoungGen      total 10752K, used 10705K [0x00000000d5580000, 0x00000000d6180000, 0x0000000100000000)
  eden space 10240K, 100% used [0x00000000d5580000,0x00000000d5f80000,0x00000000d5f80000)
  from space 512K, 90% used [0x00000000d6100000,0x00000000d61745c8,0x00000000d6180000)
  to   space 512K, 0% used [0x00000000d6080000,0x00000000d6080000,0x00000000d6100000)
 ParOldGen       total 105984K, used 105654K [0x0000000080000000, 0x0000000086780000, 0x00000000d5580000)
  object space 105984K, 99% used [0x0000000080000000,0x000000008672d8e0,0x0000000086780000)
 Metaspace       used 68639K, committed 70208K, reserved 1114112K
  class space    used 7371K, committed 8064K, reserved 1048576K
}
Event: 305.058 GC heap after
{Heap after GC invocations=152 (full 3):
 PSYoungGen      total 10752K, used 368K [0x00000000d5580000, 0x00000000d6180000, 0x0000000100000000)
  eden space 10240K, 0% used [0x00000000d5580000,0x00000000d5580000,0x00000000d5f80000)
  from space 512K, 71% used [0x00000000d6080000,0x00000000d60dc010,0x00000000d6100000)
  to   space 512K, 0% used [0x00000000d6100000,0x00000000d6100000,0x00000000d6180000)
 ParOldGen       total 105984K, used 105949K [0x0000000080000000, 0x0000000086780000, 0x00000000d5580000)
  object space 105984K, 99% used [0x0000000080000000,0x00000000867774c0,0x0000000086780000)
 Metaspace       used 68639K, committed 70208K, reserved 1114112K
  class space    used 7371K, committed 8064K, reserved 1048576K
}
Event: 306.232 GC heap before
{Heap before GC invocations=153 (full 3):
 PSYoungGen      total 10752K, used 10608K [0x00000000d5580000, 0x00000000d6180000, 0x0000000100000000)
  eden space 10240K, 100% used [0x00000000d5580000,0x00000000d5f80000,0x00000000d5f80000)
  from space 512K, 71% used [0x00000000d6080000,0x00000000d60dc010,0x00000000d6100000)
  to   space 512K, 0% used [0x00000000d6100000,0x00000000d6100000,0x00000000d6180000)
 ParOldGen       total 105984K, used 105949K [0x0000000080000000, 0x0000000086780000, 0x00000000d5580000)
  object space 105984K, 99% used [0x0000000080000000,0x00000000867774c0,0x0000000086780000)
 Metaspace       used 69813K, committed 71360K, reserved 1114112K
  class space    used 7540K, committed 8192K, reserved 1048576K
}
Event: 306.233 GC heap after
{Heap after GC invocations=153 (full 3):
 PSYoungGen      total 10752K, used 448K [0x00000000d5580000, 0x00000000d6180000, 0x0000000100000000)
  eden space 10240K, 0% used [0x00000000d5580000,0x00000000d5580000,0x00000000d5f80000)
  from space 512K, 87% used [0x00000000d6100000,0x00000000d6170000,0x00000000d6180000)
  to   space 512K, 0% used [0x00000000d6080000,0x00000000d6080000,0x00000000d6100000)
 ParOldGen       total 106496K, used 106133K [0x0000000080000000, 0x0000000086800000, 0x00000000d5580000)
  object space 106496K, 99% used [0x0000000080000000,0x00000000867a54f0,0x0000000086800000)
 Metaspace       used 69813K, committed 71360K, reserved 1114112K
  class space    used 7540K, committed 8192K, reserved 1048576K
}

Dll operation events (11 events):
Event: 0.006 Loaded shared library c:\Users\emiliazd\.vscode\extensions\redhat.java-1.54.0-win32-x64\jre\21.0.10-win32-x86_64\bin\java.dll
Event: 0.049 Loaded shared library c:\Users\emiliazd\.vscode\extensions\redhat.java-1.54.0-win32-x64\jre\21.0.10-win32-x86_64\bin\zip.dll
Event: 0.060 Loaded shared library C:\Users\emiliazd\.vscode\extensions\redhat.java-1.54.0-win32-x64\jre\21.0.10-win32-x86_64\bin\instrument.dll
Event: 0.062 Loaded shared library C:\Users\emiliazd\.vscode\extensions\redhat.java-1.54.0-win32-x64\jre\21.0.10-win32-x86_64\bin\net.dll
Event: 0.063 Loaded shared library C:\Users\emiliazd\.vscode\extensions\redhat.java-1.54.0-win32-x64\jre\21.0.10-win32-x86_64\bin\nio.dll
Event: 0.066 Loaded shared library C:\Users\emiliazd\.vscode\extensions\redhat.java-1.54.0-win32-x64\jre\21.0.10-win32-x86_64\bin\zip.dll
Event: 0.075 Loaded shared library C:\Users\emiliazd\.vscode\extensions\redhat.java-1.54.0-win32-x64\jre\21.0.10-win32-x86_64\bin\jimage.dll
Event: 0.121 Loaded shared library c:\Users\emiliazd\.vscode\extensions\redhat.java-1.54.0-win32-x64\jre\21.0.10-win32-x86_64\bin\verify.dll
Event: 1.426 Loaded shared library C:\Users\emiliazd\AppData\Roaming\Code\User\globalStorage\redhat.java\1.54.0\config_win\org.eclipse.equinox.launcher\org.eclipse.equinox.launcher.win32.win32.x86_64_1.3.0.v20260203-2149\eclipse_11919.dll
Event: 4.484 Loaded shared library C:\Users\emiliazd\AppData\Local\Temp\jna-992864397\jna8359951376868603684.dll
Event: 304.953 Loaded shared library C:\Users\emiliazd\.vscode\extensions\redhat.java-1.54.0-win32-x64\jre\21.0.10-win32-x86_64\bin\extnet.dll

Deoptimization events (20 events):
Event: 305.293 Thread 0x000002340aeafa30 DEOPT PACKING pc=0x00000233b48e869c sp=0x000000fcd49fe820
Event: 305.293 Thread 0x000002340aeafa30 DEOPT UNPACKING pc=0x00000233b3ce3aa2 sp=0x000000fcd49fe750 mode 2
Event: 305.296 Thread 0x000002340aeafa30 Uncommon trap: trap_request=0xffffffde fr.pc=0x00000233b452b398 relative=0x0000000000000078
Event: 305.296 Thread 0x000002340aeafa30 Uncommon trap: reason=class_check action=maybe_recompile pc=0x00000233b452b398 method=java.util.LinkedHashMap.afterNodeInsertion(Z)V @ 15 c2
Event: 305.296 Thread 0x000002340aeafa30 DEOPT PACKING pc=0x00000233b452b398 sp=0x000000fcd49feb50
Event: 305.296 Thread 0x000002340aeafa30 DEOPT UNPACKING pc=0x00000233b3ce3aa2 sp=0x000000fcd49feac8 mode 2
Event: 305.527 Thread 0x000002340aeafa30 Uncommon trap: trap_request=0xffffffbe fr.pc=0x00000233b48e869c relative=0x0000000000000ddc
Event: 305.527 Thread 0x000002340aeafa30 Uncommon trap: reason=profile_predicate action=maybe_recompile pc=0x00000233b48e869c method=java.util.regex.Pattern$BnM.optimize(Ljava/util/regex/Pattern$Node;)Ljava/util/regex/Pattern$Node; @ 67 c2
Event: 305.527 Thread 0x000002340aeafa30 DEOPT PACKING pc=0x00000233b48e869c sp=0x000000fcd49fe820
Event: 305.527 Thread 0x000002340aeafa30 DEOPT UNPACKING pc=0x00000233b3ce3aa2 sp=0x000000fcd49fe750 mode 2
Event: 305.529 Thread 0x000002340aeafa30 Uncommon trap: trap_request=0xffffffde fr.pc=0x00000233b452b398 relative=0x0000000000000078
Event: 305.529 Thread 0x000002340aeafa30 Uncommon trap: reason=class_check action=maybe_recompile pc=0x00000233b452b398 method=java.util.LinkedHashMap.afterNodeInsertion(Z)V @ 15 c2
Event: 305.529 Thread 0x000002340aeafa30 DEOPT PACKING pc=0x00000233b452b398 sp=0x000000fcd49feb50
Event: 305.529 Thread 0x000002340aeafa30 DEOPT UNPACKING pc=0x00000233b3ce3aa2 sp=0x000000fcd49feac8 mode 2
Event: 306.056 Thread 0x000002340a4090d0 DEOPT PACKING pc=0x00000233ad98b79c sp=0x000000fcd0cff210
Event: 306.056 Thread 0x000002340a4090d0 DEOPT UNPACKING pc=0x00000233b3ce4242 sp=0x000000fcd0cfe6d0 mode 0
Event: 306.293 Thread 0x000002340aead2d0 DEOPT PACKING pc=0x00000233ad98b79c sp=0x000000fcd42fef40
Event: 306.293 Thread 0x000002340aead2d0 DEOPT UNPACKING pc=0x00000233b3ce4242 sp=0x000000fcd42fe400 mode 0
Event: 331.319 Thread 0x0000023403a3f700 DEOPT PACKING pc=0x00000233ad98b79c sp=0x000000fcd23feef0
Event: 331.319 Thread 0x0000023403a3f700 DEOPT UNPACKING pc=0x00000233b3ce4242 sp=0x000000fcd23fe3b0 mode 0

Classes loaded (20 events):
Event: 305.132 Loading class java/util/TaskQueue
Event: 305.132 Loading class java/util/TaskQueue done
Event: 305.132 Loading class java/util/TimerThread
Event: 305.132 Loading class java/util/TimerThread done
Event: 305.132 Loading class java/util/Timer$ThreadReaper
Event: 305.132 Loading class java/util/Timer$ThreadReaper done
Event: 305.134 Loading class java/util/concurrent/CompletableFuture$UniWhenComplete
Event: 305.134 Loading class java/util/concurrent/CompletableFuture$UniWhenComplete done
Event: 305.134 Loading class java/util/concurrent/CompletableFuture$UniCompose
Event: 305.134 Loading class java/util/concurrent/CompletableFuture$UniCompose done
Event: 305.134 Loading class java/util/concurrent/CompletableFuture$UniRelay
Event: 305.135 Loading class java/util/concurrent/CompletableFuture$UniRelay done
Event: 306.056 Loading class java/util/concurrent/ScheduledThreadPoolExecutor$DelayedWorkQueue$Itr
Event: 306.056 Loading class java/util/concurrent/ScheduledThreadPoolExecutor$DelayedWorkQueue$Itr done
Event: 306.231 Loading class java/lang/ProcessHandleImpl$ExitCompletion
Event: 306.232 Loading class java/lang/ProcessHandleImpl$ExitCompletion done
Event: 306.232 Loading class java/lang/ProcessHandleImpl$1
Event: 306.232 Loading class java/lang/ProcessHandleImpl$1 done
Event: 306.232 Loading class java/util/concurrent/CompletableFuture$UniHandle
Event: 306.232 Loading class java/util/concurrent/CompletableFuture$UniHandle done

Classes unloaded (9 events):
Event: 4.961 Thread 0x00000233a96028b0 Unloading class 0x00000233c11a8c00 'java/lang/invoke/LambdaForm$MH+0x00000233c11a8c00'
Event: 4.961 Thread 0x00000233a96028b0 Unloading class 0x00000233c11a8800 'java/lang/invoke/LambdaForm$MH+0x00000233c11a8800'
Event: 4.961 Thread 0x00000233a96028b0 Unloading class 0x00000233c11a8400 'java/lang/invoke/LambdaForm$MH+0x00000233c11a8400'
Event: 4.961 Thread 0x00000233a96028b0 Unloading class 0x00000233c11a8000 'java/lang/invoke/LambdaForm$MH+0x00000233c11a8000'
Event: 4.961 Thread 0x00000233a96028b0 Unloading class 0x00000233c11a7c00 'java/lang/invoke/LambdaForm$BMH+0x00000233c11a7c00'
Event: 4.961 Thread 0x00000233a96028b0 Unloading class 0x00000233c11a7800 'java/lang/invoke/LambdaForm$DMH+0x00000233c11a7800'
Event: 4.961 Thread 0x00000233a96028b0 Unloading class 0x00000233c11a6400 'java/lang/invoke/LambdaForm$DMH+0x00000233c11a6400'
Event: 302.999 Thread 0x00000233a96028b0 Unloading class 0x00000233c16ce400 'java/lang/invoke/LambdaForm$DMH+0x00000233c16ce400'
Event: 303.000 Thread 0x00000233a96028b0 Unloading class 0x00000233c162c800 'java/lang/invoke/LambdaForm$DMH+0x00000233c162c800'

Classes redefined (0 events):
No events

Internal exceptions (20 events):
Event: 304.699 Thread 0x000002340aeafa30 Exception <a 'sun/nio/fs/WindowsException'{0x00000000d5c909b0}> (0x00000000d5c909b0) 
thrown [s\src\hotspot\share\prims\jni.cpp, line 520]
Event: 304.705 Thread 0x000002340aeafa30 Exception <a 'java/lang/NoSuchMethodError'{0x00000000d5cc38a0}: 'java.lang.Object java.lang.invoke.DirectMethodHandle$Holder.invokeStatic(java.lang.Object, java.lang.Object, int, java.lang.Object)'> (0x00000000d5cc38a0) 
thrown [s\src\hotspot\share\interpreter\linkResolver.cpp, line 773]
Event: 304.747 Thread 0x000002340aeafa30 Exception <a 'sun/nio/fs/WindowsException'{0x00000000d55c2710}> (0x00000000d55c2710) 
thrown [s\src\hotspot\share\prims\jni.cpp, line 520]
Event: 304.747 Thread 0x000002340aeafa30 Exception <a 'sun/nio/fs/WindowsException'{0x00000000d55c3290}> (0x00000000d55c3290) 
thrown [s\src\hotspot\share\prims\jni.cpp, line 520]
Event: 304.747 Thread 0x000002340aeafa30 Exception <a 'sun/nio/fs/WindowsException'{0x00000000d55c45c0}> (0x00000000d55c45c0) 
thrown [s\src\hotspot\share\prims\jni.cpp, line 520]
Event: 304.747 Thread 0x000002340aeafa30 Exception <a 'sun/nio/fs/WindowsException'{0x00000000d55c5140}> (0x00000000d55c5140) 
thrown [s\src\hotspot\share\prims\jni.cpp, line 520]
Event: 304.747 Thread 0x000002340aeafa30 Exception <a 'sun/nio/fs/WindowsException'{0x00000000d55c6f00}> (0x00000000d55c6f00) 
thrown [s\src\hotspot\share\prims\jni.cpp, line 520]
Event: 304.747 Thread 0x000002340aeafa30 Exception <a 'sun/nio/fs/WindowsException'{0x00000000d55c77d0}> (0x00000000d55c77d0) 
thrown [s\src\hotspot\share\prims\jni.cpp, line 520]
Event: 304.750 Thread 0x000002340aeafa30 Exception <a 'sun/nio/fs/WindowsException'{0x00000000d55e5540}> (0x00000000d55e5540) 
thrown [s\src\hotspot\share\prims\jni.cpp, line 520]
Event: 304.750 Thread 0x000002340aeafa30 Exception <a 'sun/nio/fs/WindowsException'{0x00000000d55e60c0}> (0x00000000d55e60c0) 
thrown [s\src\hotspot\share\prims\jni.cpp, line 520]
Event: 304.975 Thread 0x000002340a40ab10 Exception <a 'java/io/FileNotFoundException'{0x00000000d5d3add8}> (0x00000000d5d3add8) 
thrown [s\src\hotspot\share\prims\jni.cpp, line 520]
Event: 305.071 Thread 0x000002340a40ab10 Exception <a 'java/lang/NoSuchMethodError'{0x00000000d57f6a68}: 'java.lang.Object java.lang.invoke.DirectMethodHandle$Holder.invokeVirtual(java.lang.Object, java.lang.Object, java.lang.Object, java.lang.Object)'> (0x00000000d57f6a68) 
thrown [s\src\hotspot\share\interpreter\linkResolver.cpp, line 773]
Event: 305.103 Thread 0x000002340a40bec0 Exception <a 'java/lang/NoSuchMethodError'{0x00000000d5c0f4a8}: 'java.lang.Object java.lang.invoke.DirectMethodHandle$Holder.invokeStatic(java.lang.Object, long, java.lang.Object, java.lang.Object)'> (0x00000000d5c0f4a8) 
thrown [s\src\hotspot\share\interpreter\linkResolver.cpp, line 773]
Event: 305.122 Thread 0x000002340a40bec0 Exception <a 'sun/nio/fs/WindowsException'{0x00000000d5cccfc0}> (0x00000000d5cccfc0) 
thrown [s\src\hotspot\share\prims\jni.cpp, line 520]
Event: 305.122 Thread 0x000002340a40bec0 Exception <a 'sun/nio/fs/WindowsException'{0x00000000d5ccdfd8}> (0x00000000d5ccdfd8) 
thrown [s\src\hotspot\share\prims\jni.cpp, line 520]
Event: 305.134 Thread 0x000002340a40bec0 Exception <a 'java/lang/NoSuchMethodError'{0x00000000d5d7a658}: 'void java.lang.invoke.DirectMethodHandle$Holder.invokeStatic(java.lang.Object, java.lang.Object, java.lang.Object, java.lang.Object, java.lang.Object, java.lang.Object, java.lang.Object)'> (0x00000000d5d7a658) 
thrown [s\src\hotspot\share\interpreter\linkResolver.cpp, line 773]
Event: 305.211 Thread 0x000002340aeacc40 Exception <a 'java/lang/IncompatibleClassChangeError'{0x00000000d5da2740}: Found class java.lang.Object, but interface was expected> (0x00000000d5da2740) 
thrown [s\src\hotspot\share\interpreter\linkResolver.cpp, line 840]
Event: 306.149 Thread 0x0000023408a76c90 Exception <a 'java/lang/NoSuchMethodError'{0x00000000d5e99fe0}: 'long java.lang.invoke.DelegatingMethodHandle$Holder.reinvoke_L(java.lang.Object, java.lang.Object)'> (0x00000000d5e99fe0) 
thrown [s\src\hotspot\share\interpreter\linkResolver.cpp, line 773]
Event: 306.150 Thread 0x0000023408a76c90 Exception <a 'java/lang/NoSuchMethodError'{0x00000000d5ea3f68}: 'void java.lang.invoke.DelegatingMethodHandle$Holder.reinvoke_L(java.lang.Object, java.lang.Object, long)'> (0x00000000d5ea3f68) 
thrown [s\src\hotspot\share\interpreter\linkResolver.cpp, line 773]
Event: 306.234 Thread 0x0000023408a76c90 Exception <a 'java/lang/NoSuchMethodError'{0x00000000d5585360}: 'long java.lang.invoke.Invokers$Holder.invokeExact_MT(java.lang.Object, java.lang.Object, java.lang.Object)'> (0x00000000d5585360) 
thrown [s\src\hotspot\share\interpreter\linkResolver.cpp, line 773]

ZGC Phase Switch (0 events):
No events

VM Operations (20 events):
Event: 305.066 Executing non-safepoint VM operation: HandshakeAllThreads (Deoptimize)
Event: 305.066 Executing non-safepoint VM operation: HandshakeAllThreads (Deoptimize) done
Event: 305.101 Executing non-safepoint VM operation: HandshakeAllThreads (Deoptimize)
Event: 305.101 Executing non-safepoint VM operation: HandshakeAllThreads (Deoptimize) done
Event: 305.126 Executing non-safepoint VM operation: HandshakeAllThreads (Deoptimize)
Event: 305.127 Executing non-safepoint VM operation: HandshakeAllThreads (Deoptimize) done
Event: 305.128 Executing non-safepoint VM operation: HandshakeAllThreads (Deoptimize)
Event: 305.128 Executing non-safepoint VM operation: HandshakeAllThreads (Deoptimize) done
Event: 305.131 Executing non-safepoint VM operation: HandshakeAllThreads (Deoptimize)
Event: 305.132 Executing non-safepoint VM operation: HandshakeAllThreads (Deoptimize) done
Event: 306.134 Executing safepoint VM operation: Cleanup
Event: 306.134 Executing safepoint VM operation: Cleanup done
Event: 306.232 Executing safepoint VM operation: ParallelGCFailedAllocation (Allocation Failure)
Event: 306.233 Executing safepoint VM operation: ParallelGCFailedAllocation (Allocation Failure) done
Event: 307.239 Executing safepoint VM operation: Cleanup
Event: 307.239 Executing safepoint VM operation: Cleanup done
Event: 325.371 Executing safepoint VM operation: Cleanup
Event: 325.371 Executing safepoint VM operation: Cleanup done
Event: 334.445 Executing safepoint VM operation: Cleanup
Event: 334.445 Executing safepoint VM operation: Cleanup done

Memory protections (0 events):
No events

Nmethod flushes (20 events):
Event: 303.204 Thread 0x00000233a96028b0 flushing  nmethod 0x00000233ad00a310
Event: 303.204 Thread 0x00000233a96028b0 flushing  nmethod 0x00000233ad00a690
Event: 303.204 Thread 0x00000233a96028b0 flushing  nmethod 0x00000233ad00b890
Event: 303.204 Thread 0x00000233a96028b0 flushing  nmethod 0x00000233ad022d10
Event: 303.204 Thread 0x00000233a96028b0 flushing  nmethod 0x00000233ad023410
Event: 303.204 Thread 0x00000233a96028b0 flushing  nmethod 0x00000233ad023a10
Event: 303.204 Thread 0x00000233a96028b0 flushing  nmethod 0x00000233ad024290
Event: 303.204 Thread 0x00000233a96028b0 flushing  nmethod 0x00000233ad027b90
Event: 303.204 Thread 0x00000233a96028b0 flushing  nmethod 0x00000233ad027f10
Event: 303.204 Thread 0x00000233a96028b0 flushing  nmethod 0x00000233ad029990
Event: 303.204 Thread 0x00000233a96028b0 flushing  nmethod 0x00000233ad037790
Event: 303.204 Thread 0x00000233a96028b0 flushing  nmethod 0x00000233ad03c710
Event: 303.204 Thread 0x00000233a96028b0 flushing  nmethod 0x00000233ad045910
Event: 303.204 Thread 0x00000233a96028b0 flushing  nmethod 0x00000233ad06e590
Event: 303.204 Thread 0x00000233a96028b0 flushing osr nmethod 0x00000233ad0a5c90
Event: 303.204 Thread 0x00000233a96028b0 flushing  nmethod 0x00000233ad0aa610
Event: 303.204 Thread 0x00000233a96028b0 flushing  nmethod 0x00000233ad0cf510
Event: 303.204 Thread 0x00000233a96028b0 flushing  nmethod 0x00000233ad0dff90
Event: 303.204 Thread 0x00000233a96028b0 flushing  nmethod 0x00000233ad0e1890
Event: 303.204 Thread 0x00000233a96028b0 flushing  nmethod 0x00000233ad0ed310

Events (20 events):
Event: 304.544 Thread 0x000002340aeafa30 Thread added: 0x000002340a408a40
Event: 304.545 Thread 0x000002340aeafa30 Thread added: 0x000002340a4090d0
Event: 304.545 Thread 0x000002340aeafa30 Thread added: 0x000002340a40ab10
Event: 304.545 Thread 0x000002340aeafa30 Thread added: 0x000002340a409df0
Event: 304.557 Thread 0x000002340a409df0 Thread exited: 0x000002340a409df0
Event: 304.557 Thread 0x000002340a40bec0 Thread exited: 0x000002340a40bec0
Event: 304.558 Thread 0x000002340a4090d0 Thread exited: 0x000002340a4090d0
Event: 304.558 Thread 0x000002340a40ab10 Thread exited: 0x000002340a40ab10
Event: 304.558 Thread 0x000002340a408a40 Thread exited: 0x000002340a408a40
Event: 304.957 Thread 0x000002340aeafa30 Thread added: 0x000002340a409df0
Event: 304.963 Thread 0x000002340a409df0 Thread added: 0x000002340a40ab10
Event: 305.029 Thread 0x000002340a07ead0 Thread exited: 0x000002340a07ead0
Event: 305.044 Thread 0x000002340a40ab10 Thread added: 0x000002340a4090d0
Event: 305.047 Thread 0x000002340a40ab10 Thread added: 0x000002340a408a40
Event: 305.101 Thread 0x000002340a40ab10 Thread added: 0x000002340a40bec0
Event: 305.133 Thread 0x000002340a40bec0 Thread added: 0x000002340a40c550
Event: 306.146 Thread 0x000002340a40ab10 Thread added: 0x0000023408a76c90
Event: 306.147 Thread 0x000002340a40c550 Thread exited: 0x000002340a40c550
Event: 306.232 Thread 0x0000023408a76c90 Thread added: 0x0000023408a78040
Event: 306.235 Thread 0x0000023408a76c90 Thread exited: 0x0000023408a76c90


Dynamic libraries:
0x00007ff708630000 - 0x00007ff70863e000 	c:\Users\emiliazd\.vscode\extensions\redhat.java-1.54.0-win32-x64\jre\21.0.10-win32-x86_64\bin\java.exe
0x00007ffc84800000 - 0x00007ffc84a67000 	C:\WINDOWS\SYSTEM32\ntdll.dll
0x00007ffc82680000 - 0x00007ffc82749000 	C:\WINDOWS\System32\KERNEL32.DLL
0x00007ffc81230000 - 0x00007ffc81627000 	C:\WINDOWS\System32\KERNELBASE.dll
0x00007ffc81910000 - 0x00007ffc81a5b000 	C:\WINDOWS\System32\ucrtbase.dll
0x00007ffc61c40000 - 0x00007ffc61c58000 	c:\Users\emiliazd\.vscode\extensions\redhat.java-1.54.0-win32-x64\jre\21.0.10-win32-x86_64\bin\jli.dll
0x00007ffc61c60000 - 0x00007ffc61c7e000 	c:\Users\emiliazd\.vscode\extensions\redhat.java-1.54.0-win32-x64\jre\21.0.10-win32-x86_64\bin\VCRUNTIME140.dll
0x00007ffc82880000 - 0x00007ffc82a46000 	C:\WINDOWS\System32\USER32.dll
0x00007ffc688e0000 - 0x00007ffc68b72000 	C:\WINDOWS\WinSxS\amd64_microsoft.windows.common-controls_6595b64144ccf1df_6.0.26100.8457_none_3e0b2faee331e92d\COMCTL32.dll
0x00007ffc83fe0000 - 0x00007ffc84089000 	C:\WINDOWS\System32\msvcrt.dll
0x00007ffc81a60000 - 0x00007ffc81a87000 	C:\WINDOWS\System32\win32u.dll
0x00007ffc82b20000 - 0x00007ffc82b4b000 	C:\WINDOWS\System32\GDI32.dll
0x00007ffc82450000 - 0x00007ffc8257c000 	C:\WINDOWS\System32\gdi32full.dll
0x00007ffc81630000 - 0x00007ffc816d3000 	C:\WINDOWS\System32\msvcp_win.dll
0x00007ffc82ae0000 - 0x00007ffc82b12000 	C:\WINDOWS\System32\IMM32.DLL
0x00007ffc78980000 - 0x00007ffc7898c000 	c:\Users\emiliazd\.vscode\extensions\redhat.java-1.54.0-win32-x64\jre\21.0.10-win32-x86_64\bin\vcruntime140_1.dll
0x00007ffc60b70000 - 0x00007ffc60bfd000 	c:\Users\emiliazd\.vscode\extensions\redhat.java-1.54.0-win32-x64\jre\21.0.10-win32-x86_64\bin\msvcp140.dll
0x00007ffbbef80000 - 0x00007ffbbfd21000 	c:\Users\emiliazd\.vscode\extensions\redhat.java-1.54.0-win32-x64\jre\21.0.10-win32-x86_64\bin\server\jvm.dll
0x00007ffc82b50000 - 0x00007ffc82c06000 	C:\WINDOWS\System32\ADVAPI32.dll
0x00007ffc83f30000 - 0x00007ffc83fd7000 	C:\WINDOWS\System32\sechost.dll
0x00007ffc84470000 - 0x00007ffc84588000 	C:\WINDOWS\System32\RPCRT4.dll
0x00007ffc83100000 - 0x00007ffc83180000 	C:\WINDOWS\System32\WS2_32.dll
0x00007ffc81090000 - 0x00007ffc810ee000 	C:\WINDOWS\SYSTEM32\POWRPROF.dll
0x00007ffc75bd0000 - 0x00007ffc75c06000 	C:\WINDOWS\SYSTEM32\WINMM.dll
0x00007ffc754c0000 - 0x00007ffc754cb000 	C:\WINDOWS\SYSTEM32\VERSION.dll
0x00007ffc81070000 - 0x00007ffc81084000 	C:\WINDOWS\SYSTEM32\UMPDC.dll
0x00007ffc7ffc0000 - 0x00007ffc7ffdb000 	C:\WINDOWS\SYSTEM32\kernel.appcore.dll
0x00007ffc6ba80000 - 0x00007ffc6ba8a000 	c:\Users\emiliazd\.vscode\extensions\redhat.java-1.54.0-win32-x64\jre\21.0.10-win32-x86_64\bin\jimage.dll
0x00007ffc7f160000 - 0x00007ffc7f3a2000 	C:\WINDOWS\SYSTEM32\DBGHELP.DLL
0x00007ffc82c10000 - 0x00007ffc82f93000 	C:\WINDOWS\System32\combase.dll
0x00007ffc83190000 - 0x00007ffc83269000 	C:\WINDOWS\System32\OLEAUT32.dll
0x00007ffc53c30000 - 0x00007ffc53c6b000 	C:\WINDOWS\SYSTEM32\dbgcore.DLL
0x00007ffc816e0000 - 0x00007ffc81788000 	C:\WINDOWS\System32\bcryptPrimitives.dll
0x00007ffc6b040000 - 0x00007ffc6b04f000 	c:\Users\emiliazd\.vscode\extensions\redhat.java-1.54.0-win32-x64\jre\21.0.10-win32-x86_64\bin\instrument.dll
0x00007ffc61c20000 - 0x00007ffc61c40000 	c:\Users\emiliazd\.vscode\extensions\redhat.java-1.54.0-win32-x64\jre\21.0.10-win32-x86_64\bin\java.dll
0x00007ffc83790000 - 0x00007ffc83efe000 	C:\WINDOWS\System32\SHELL32.dll
0x00007ffc81b50000 - 0x00007ffc823bc000 	C:\WINDOWS\System32\windows.storage.dll
0x00007ffc82580000 - 0x00007ffc82676000 	C:\WINDOWS\System32\SHCORE.dll
0x00007ffc82750000 - 0x00007ffc827b6000 	C:\WINDOWS\System32\shlwapi.dll
0x00007ffc81150000 - 0x00007ffc81179000 	C:\WINDOWS\SYSTEM32\profapi.dll
0x00007ffc41ed0000 - 0x00007ffc41ee8000 	c:\Users\emiliazd\.vscode\extensions\redhat.java-1.54.0-win32-x64\jre\21.0.10-win32-x86_64\bin\zip.dll
0x00007ffc629b0000 - 0x00007ffc629c0000 	C:\Users\emiliazd\.vscode\extensions\redhat.java-1.54.0-win32-x64\jre\21.0.10-win32-x86_64\bin\net.dll
0x00007ffc77a10000 - 0x00007ffc77b39000 	C:\WINDOWS\SYSTEM32\WINHTTP.dll
0x00007ffc80530000 - 0x00007ffc8059c000 	C:\WINDOWS\system32\mswsock.dll
0x00007ffc31800000 - 0x00007ffc31816000 	C:\Users\emiliazd\.vscode\extensions\redhat.java-1.54.0-win32-x64\jre\21.0.10-win32-x86_64\bin\nio.dll
0x00007ffc60b60000 - 0x00007ffc60b70000 	c:\Users\emiliazd\.vscode\extensions\redhat.java-1.54.0-win32-x64\jre\21.0.10-win32-x86_64\bin\verify.dll
0x00007ffc004b0000 - 0x00007ffc004f5000 	C:\Users\emiliazd\AppData\Roaming\Code\User\globalStorage\redhat.java\1.54.0\config_win\org.eclipse.equinox.launcher\org.eclipse.equinox.launcher.win32.win32.x86_64_1.3.0.v20260203-2149\eclipse_11919.dll
0x00007ffc842d0000 - 0x00007ffc84467000 	C:\WINDOWS\System32\ole32.dll
0x00007ffc80810000 - 0x00007ffc8082b000 	C:\WINDOWS\SYSTEM32\CRYPTSP.dll
0x00007ffc7ff20000 - 0x00007ffc7ff59000 	C:\WINDOWS\system32\rsaenh.dll
0x00007ffc805e0000 - 0x00007ffc80613000 	C:\WINDOWS\SYSTEM32\USERENV.dll
0x00007ffc81120000 - 0x00007ffc8114a000 	C:\WINDOWS\SYSTEM32\bcrypt.dll
0x00007ffc80830000 - 0x00007ffc8083c000 	C:\WINDOWS\SYSTEM32\CRYPTBASE.dll
0x00007ffc7f980000 - 0x00007ffc7f9b2000 	C:\WINDOWS\SYSTEM32\IPHLPAPI.DLL
0x00007ffc84090000 - 0x00007ffc8409a000 	C:\WINDOWS\System32\NSI.dll
0x00007ffc4fb10000 - 0x00007ffc4fb59000 	C:\Users\emiliazd\AppData\Local\Temp\jna-992864397\jna8359951376868603684.dll
0x00007ffc847b0000 - 0x00007ffc847b8000 	C:\WINDOWS\System32\PSAPI.DLL
0x00007ffc77e40000 - 0x00007ffc77e5d000 	C:\WINDOWS\SYSTEM32\dhcpcsvc6.DLL
0x00007ffc776f0000 - 0x00007ffc77715000 	C:\WINDOWS\SYSTEM32\dhcpcsvc.DLL
0x00007ffc6a3a0000 - 0x00007ffc6a3a9000 	C:\Users\emiliazd\.vscode\extensions\redhat.java-1.54.0-win32-x64\jre\21.0.10-win32-x86_64\bin\extnet.dll

JVMTI agents:
c:\Users\emiliazd\.vscode\extensions\redhat.java-1.54.0-win32-x64\lombok\lombok-1.18.39-4050.jar path:c:\Users\emiliazd\.vscode\extensions\redhat.java-1.54.0-win32-x64\jre\21.0.10-win32-x86_64\bin\instrument.dll, loaded, initialized, instrumentlib options:none

dbghelp: loaded successfully - version: 4.0.5 - missing functions: none
symbol engine: initialized successfully - sym options: 0x614 - pdb path: .;c:\Users\emiliazd\.vscode\extensions\redhat.java-1.54.0-win32-x64\jre\21.0.10-win32-x86_64\bin;C:\WINDOWS\SYSTEM32;C:\WINDOWS\WinSxS\amd64_microsoft.windows.common-controls_6595b64144ccf1df_6.0.26100.8457_none_3e0b2faee331e92d;c:\Users\emiliazd\.vscode\extensions\redhat.java-1.54.0-win32-x64\jre\21.0.10-win32-x86_64\bin\server;C:\Users\emiliazd\AppData\Roaming\Code\User\globalStorage\redhat.java\1.54.0\config_win\org.eclipse.equinox.launcher\org.eclipse.equinox.launcher.win32.win32.x86_64_1.3.0.v20260203-2149;C:\Users\emiliazd\AppData\Local\Temp\jna-992864397

VM Arguments:
jvm_args: --add-modules=ALL-SYSTEM --add-opens=java.base/java.util=ALL-UNNAMED --add-opens=java.base/java.lang=ALL-UNNAMED --add-opens=java.base/sun.nio.fs=ALL-UNNAMED -Declipse.application=org.eclipse.jdt.ls.core.id1 -Dosgi.bundles.defaultStartLevel=4 -Declipse.product=org.eclipse.jdt.ls.core.product -Djava.import.generatesMetadataFilesAtProjectRoot=false -DDetectVMInstallationsJob.disabled=true -Dfile.encoding=utf8 -XX:+UseParallelGC -XX:GCTimeRatio=4 -XX:AdaptiveSizePolicyWeight=90 -Dsun.zip.disableMemoryMapping=true -Xmx2G -Xms100m -Xlog:disable -javaagent:c:\Users\emiliazd\.vscode\extensions\redhat.java-1.54.0-win32-x64\lombok\lombok-1.18.39-4050.jar -XX:+HeapDumpOnOutOfMemoryError -XX:HeapDumpPath=c:\Users\emiliazd\AppData\Roaming\Code\User\workspaceStorage\18b88de0f3c3c951ec63cf590c2144ec\redhat.java -Daether.dependencyCollector.impl=bf 
java_command: c:\Users\emiliazd\.vscode\extensions\redhat.java-1.54.0-win32-x64\server\plugins\org.eclipse.equinox.launcher_1.7.100.v20251111-0406.jar -configuration c:\Users\emiliazd\AppData\Roaming\Code\User\globalStorage\redhat.java\1.54.0\config_win -data c:\Users\emiliazd\AppData\Roaming\Code\User\workspaceStorage\18b88de0f3c3c951ec63cf590c2144ec\redhat.java\jdt_ws --pipe=\\.\pipe\lsp-9b6145925c608168eebcaede82b6bc6e-sock
java_class_path (initial): c:\Users\emiliazd\.vscode\extensions\redhat.java-1.54.0-win32-x64\server\plugins\org.eclipse.equinox.launcher_1.7.100.v20251111-0406.jar
Launcher Type: SUN_STANDARD

[Global flags]
    uintx AdaptiveSizePolicyWeight                 = 90                                        {product} {command line}
     intx CICompilerCount                          = 4                                         {product} {ergonomic}
    uintx GCTimeRatio                              = 4                                         {product} {command line}
     bool HeapDumpOnOutOfMemoryError               = true                                   {manageable} {command line}
    ccstr HeapDumpPath                             = c:\Users\emiliazd\AppData\Roaming\Code\User\workspaceStorage\18b88de0f3c3c951ec63cf590c2144ec\redhat.java         {manageable} {command line}
   size_t InitialHeapSize                          = 104857600                                 {product} {command line}
   size_t MaxHeapSize                              = 2147483648                                {product} {command line}
   size_t MaxNewSize                               = 715653120                                 {product} {ergonomic}
   size_t MinHeapDeltaBytes                        = 524288                                    {product} {ergonomic}
   size_t MinHeapSize                              = 104857600                                 {product} {command line}
   size_t NewSize                                  = 34603008                                  {product} {ergonomic}
    uintx NonNMethodCodeHeapSize                   = 5839372                                {pd product} {ergonomic}
    uintx NonProfiledCodeHeapSize                  = 122909434                              {pd product} {ergonomic}
   size_t OldSize                                  = 70254592                                  {product} {ergonomic}
    uintx ProfiledCodeHeapSize                     = 122909434                              {pd product} {ergonomic}
    uintx ReservedCodeCacheSize                    = 251658240                              {pd product} {ergonomic}
     bool SegmentedCodeCache                       = true                                      {product} {ergonomic}
   size_t SoftMaxHeapSize                          = 2147483648                             {manageable} {ergonomic}
     bool UseCompressedOops                        = true                           {product lp64_product} {ergonomic}
     bool UseLargePagesIndividualAllocation        = false                                  {pd product} {ergonomic}
     bool UseParallelGC                            = true                                      {product} {command line}

Logging:
Log output configuration:
 #0: stdout all=off uptime,level,tags foldmultilines=false
 #1: stderr all=off uptime,level,tags foldmultilines=false

Release file:
JAVA_VERSION="21.0.10" 
MODULES="java.base java.compiler java.datatransfer java.xml java.prefs java.desktop java.instrument java.logging java.management java.security.sasl java.naming java.rmi java.management.rmi java.net.http java.scripting java.security.jgss java.transaction.xa java.sql java.sql.rowset java.xml.crypto java.se java.smartcardio jdk.accessibility jdk.internal.jvmstat jdk.attach jdk.charsets jdk.internal.opt jdk.zipfs jdk.compiler jdk.crypto.ec jdk.crypto.cryptoki jdk.crypto.mscapi jdk.dynalink jdk.internal.ed jdk.editpad jdk.hotspot.agent jdk.httpserver jdk.internal.le jdk.internal.vm.ci jdk.internal.vm.compiler jdk.internal.vm.compiler.management jdk.jartool jdk.javadoc jdk.jcmd jdk.management jdk.management.agent jdk.jconsole jdk.jdeps jdk.jdwp.agent jdk.jdi jdk.jfr jdk.jshell jdk.jsobject jdk.jstatd jdk.localedata jdk.management.jfr jdk.naming.dns jdk.naming.rmi jdk.net jdk.nio.mapmode jdk.random jdk.sctp jdk.security.auth jdk.security.jgss jdk.unsupported jdk.unsupported.desktop jdk.xml.dom" 

Environment Variables:
PATH=C:\Users\emiliazd\AppData\Local\Programs\Microsoft VS Code;C:\app\emiliazd\product\21c\dbhomeXE\bin;C:\Users\emiliazd\OneDrive\Desktop\base\bin;C:\Users\emiliazd\OneDrive\Documentos\tareas\bin;[Nueva Ruta Limpia];C:\Program Files\NVIDIA Corporation\NVIDIA App\NvDLISR;C:\Program Files\Git\cmd;C:\Users\emiliazd\AppData\Local\Programs\Python\Python313\Scripts\;C:\Users\emiliazd\AppData\Local\Programs\Python\Python313\;C:\Users\emiliazd\AppData\Local\Microsoft\WindowsApps;C:\Users\emiliazd\AppData\Local\Programs\Microsoft VS Code\bin;C:\Windows\System32;
USERNAME=emiliazd
OS=Windows_NT
PROCESSOR_IDENTIFIER=Intel64 Family 6 Model 151 Stepping 2, GenuineIntel
TMP=C:\Users\emiliazd\AppData\Local\Temp
TEMP=C:\Users\emiliazd\AppData\Local\Temp




Periodic native trim disabled

---------------  S Y S T E M  ---------------

OS:
 Windows 11 , 64 bit Build 26100 (10.0.26100.8328)
OS uptime: 0 days 1:06 hours
Hyper-V role detected

CPU: total 12 (initial active 12) (6 cores per cpu, 2 threads per core) family 6 model 151 stepping 2 microcode 0x3e, cx8, cmov, fxsr, ht, mmx, 3dnowpref, sse, sse2, sse3, ssse3, sse4.1, sse4.2, popcnt, lzcnt, tsc, tscinvbit, avx, avx2, aes, erms, clmul, bmi1, bmi2, adx, sha, fma, vzeroupper, clflush, clflushopt, clwb, hv, serialize, rdtscp, rdpid, fsrm, f16c, cet_ibt, cet_ss
Processor Information for the first 12 processors :
  Max Mhz: 2400, Current Mhz: 2400, Mhz Limit: 2400

Memory: 4k page, system-wide physical 7899M (1435M free)
TotalPageFile size 24283M (AvailPageFile size 17M)
current process WorkingSet (physical memory assigned to process): 234M, peak: 319M
current process commit charge ("private bytes"): 388M, peak: 424M

vm_info: OpenJDK 64-Bit Server VM (21.0.10+7-LTS) for windows-amd64 JRE (21.0.10+7-LTS), built on 2026-01-20T00:00:00Z by "admin" with MS VC++ 17.12 (VS2022)

END.
